<?xml version="1.0" encoding="UTF-8"?>
<!-- Generated by org.testng.reporters.JUnitReportReporter -->
<testsuite skipped="0" hostname="anu-Latitude-3480" name="SortingDDalphabetically.VerifyAlphabeticalOrderBySortMethod" tests="1" failures="0" timestamp="2021-01-28T10:41:16 IST" time="21.304" errors="0">
  <testcase name="verifyDropdown" time="21.304" classname="SortingDDalphabetically.VerifyAlphabeticalOrderBySortMethod"/>
  <system-out/>
</testsuite> <!-- SortingDDalphabetically.VerifyAlphabeticalOrderBySortMethod -->
