<?xml version="1.0" encoding="UTF-8"?>
<!-- Generated by org.testng.reporters.JUnitReportReporter -->
<testsuite skipped="0" hostname="anu-Latitude-3480" name="SortingDDalphabetically.Amazon" tests="1" failures="0" timestamp="2021-01-28T10:33:37 IST" time="16.259" errors="0">
  <testcase name="verifyDropdown" time="16.259" classname="SortingDDalphabetically.Amazon"/>
  <system-out/>
</testsuite> <!-- SortingDDalphabetically.Amazon -->
