<?xml version="1.0" encoding="UTF-8"?>
<!-- Generated by org.testng.reporters.JUnitReportReporter -->
<testsuite skipped="0" hostname="anu-Latitude-3480" name="SortingDDalphabetically.Downloading" tests="1" failures="0" timestamp="2021-01-28T11:52:53 IST" time="10.240" errors="0">
  <testcase name="fileDownload" time="10.240" classname="SortingDDalphabetically.Downloading"/>
  <system-out/>
</testsuite> <!-- SortingDDalphabetically.Downloading -->
